f:\code\revengine\shaderlabb\revengine\release\revengine.pch
f:\code\revengine\shaderlabb\revengine\release\vc120.pdb
f:\code\revengine\shaderlabb\revengine\release\stdafx.obj
f:\code\revengine\shaderlabb\revengine\release\recastmesh.obj
f:\code\revengine\shaderlabb\revengine\release\recastlayers.obj
f:\code\revengine\shaderlabb\revengine\release\recastfilter.obj
f:\code\revengine\shaderlabb\revengine\release\recastdump.obj
f:\code\revengine\shaderlabb\revengine\release\recastdebugdraw.obj
f:\code\revengine\shaderlabb\revengine\release\recastcontour.obj
f:\code\revengine\shaderlabb\revengine\release\recastarea.obj
f:\code\revengine\shaderlabb\revengine\release\recastalloc.obj
f:\code\revengine\shaderlabb\revengine\release\recast.obj
f:\code\revengine\shaderlabb\revengine\release\detourtilecachebuilder.obj
f:\code\revengine\shaderlabb\revengine\release\detourtilecache.obj
f:\code\revengine\shaderlabb\revengine\release\detournode.obj
f:\code\revengine\shaderlabb\revengine\release\detournavmeshquery.obj
f:\code\revengine\shaderlabb\revengine\release\detournavmeshbuilder.obj
f:\code\revengine\shaderlabb\revengine\release\detournavmesh.obj
f:\code\revengine\shaderlabb\revengine\release\detourdebugdraw.obj
f:\code\revengine\shaderlabb\revengine\release\detourcommon.obj
f:\code\revengine\shaderlabb\revengine\release\detouralloc.obj
f:\code\revengine\shaderlabb\revengine\release\debugdraw.obj
f:\code\revengine\shaderlabb\revengine\release\colladameshfactory.obj
f:\code\revengine\shaderlabb\revengine\release\revinstancefactory.obj
f:\code\revengine\shaderlabb\revengine\release\revinstancebasenode.obj
f:\code\revengine\shaderlabb\revengine\release\revinstance.obj
f:\code\revengine\shaderlabb\revengine\release\revfullscreenhelper.obj
f:\code\revengine\shaderlabb\revengine\release\revenginemain.obj
f:\code\revengine\shaderlabb\revengine\release\reveffectcontainer.obj
f:\code\revengine\shaderlabb\revengine\release\reveffect.obj
f:\code\revengine\shaderlabb\revengine\release\revdrawtemplate.obj
f:\code\revengine\shaderlabb\revengine\release\revdofmanager.obj
f:\code\revengine\shaderlabb\revengine\release\revcast.obj
f:\code\revengine\shaderlabb\revengine\release\revcamera.obj
f:\code\revengine\shaderlabb\revengine\release\revboneinstancenode.obj
f:\code\revengine\shaderlabb\revengine\release\revbone.obj
f:\code\revengine\shaderlabb\revengine\release\revbaseinstance.obj
f:\code\revengine\shaderlabb\revengine\release\revanimationinstancenode.obj
f:\code\revengine\shaderlabb\revengine\release\revanimationcurve.obj
f:\code\revengine\shaderlabb\revengine\release\revanimation.obj
f:\code\revengine\shaderlabb\revengine\release\recastregion.obj
f:\code\revengine\shaderlabb\revengine\release\recastrasterization.obj
f:\code\revengine\shaderlabb\revengine\release\recastmeshdetail.obj
f:\code\revengine\shaderlabb\revengine\release\revscene.obj
f:\code\revengine\shaderlabb\revengine\release\revroommanager.obj
f:\code\revengine\shaderlabb\revengine\release\revroom.obj
f:\code\revengine\shaderlabb\revengine\release\revrendertargetcollector.obj
f:\code\revengine\shaderlabb\revengine\release\revrendernormalhelper.obj
f:\code\revengine\shaderlabb\revengine\release\revrendermesh.obj
f:\code\revengine\shaderlabb\revengine\release\revrenderlighthelper.obj
f:\code\revengine\shaderlabb\revengine\release\revrenderfullscreeneffect.obj
f:\code\revengine\shaderlabb\revengine\release\revrendererpblhelper.obj
f:\code\revengine\shaderlabb\revengine\release\revrenderergihelper.obj
f:\code\revengine\shaderlabb\revengine\release\revrendererdeferedhelper.obj
f:\code\revengine\shaderlabb\revengine\release\revrenderer.obj
f:\code\revengine\shaderlabb\revengine\release\revrenderenviromenthelper.obj
f:\code\revengine\shaderlabb\revengine\release\revrenderbasehelper.obj
f:\code\revengine\shaderlabb\revengine\release\revrenderao.obj
f:\code\revengine\shaderlabb\revengine\release\revreflectionrenderhelper.obj
f:\code\revengine\shaderlabb\revengine\release\revreflectioncubemapstructure.obj
f:\code\revengine\shaderlabb\revengine\release\revmodelfactory.obj
f:\code\revengine\shaderlabb\revengine\release\revmodel.obj
f:\code\revengine\shaderlabb\revengine\release\revlightcontainer.obj
f:\code\revengine\shaderlabb\revengine\release\ti_timer.obj
f:\code\revengine\shaderlabb\revengine\release\ti_timemanager.obj
f:\code\revengine\shaderlabb\revengine\release\ti_time.obj
f:\code\revengine\shaderlabb\revengine\release\ti_systemtime.obj
f:\code\revengine\shaderlabb\revengine\release\tinyxmlparser.obj
f:\code\revengine\shaderlabb\revengine\release\tinyxmlerror.obj
f:\code\revengine\shaderlabb\revengine\release\tinyxml.obj
f:\code\revengine\shaderlabb\revengine\release\tinystr.obj
f:\code\revengine\shaderlabb\revengine\release\revtransformationnode.obj
f:\code\revengine\shaderlabb\revengine\release\revtransformationhierachynode.obj
f:\code\revengine\shaderlabb\revengine\release\revtransformationcurvenode.obj
f:\code\revengine\shaderlabb\revengine\release\revtextures.obj
f:\code\revengine\shaderlabb\revengine\release\revtexture.obj
f:\code\revengine\shaderlabb\revengine\release\revterrain.obj
f:\code\revengine\shaderlabb\revengine\release\revsimpleinstance.obj
f:\code\revengine\shaderlabb\release\effectterrain.cso
f:\code\revengine\shaderlabb\release\fullscreen.cso
f:\code\revengine\shaderlabb\release\fullscreenpointlight.cso
f:\code\revengine\shaderlabb\release\global_structures.cso
f:\code\revengine\shaderlabb\release\object_poscol.cso
f:\code\revengine\shaderlabb\release\object_poscolnorm.cso
f:\code\revengine\shaderlabb\release\object_posnormuvtanbi.cso
f:\code\revengine\shaderlabb\release\object_posnormuvtanbibones.cso
f:\code\revengine\shaderlabb\release\revengine.lib
f:\code\revengine\shaderlabb\revengine\release\revengine.tlog\cl.command.1.tlog
f:\code\revengine\shaderlabb\revengine\release\revengine.tlog\cl.read.1.tlog
f:\code\revengine\shaderlabb\revengine\release\revengine.tlog\cl.write.1.tlog
f:\code\revengine\shaderlabb\revengine\release\revengine.tlog\fxc.command.1.tlog
f:\code\revengine\shaderlabb\revengine\release\revengine.tlog\fxc.read.1.tlog
f:\code\revengine\shaderlabb\revengine\release\revengine.tlog\fxc.write.1.tlog
f:\code\revengine\shaderlabb\revengine\release\revengine.tlog\lib-link.read.1.tlog
f:\code\revengine\shaderlabb\revengine\release\revengine.tlog\lib-link.write.1.tlog
f:\code\revengine\shaderlabb\revengine\release\revengine.tlog\lib.command.1.tlog
f:\code\revengine\shaderlabb\revengine\release\revengine.tlog\revengine.write.1u.tlog
