f:\code\revengine\shaderlabb\shaderlabb\release\shaderlabb.pch
f:\code\revengine\shaderlabb\shaderlabb\release\vc120.pdb
f:\code\revengine\shaderlabb\shaderlabb\release\stdafx.obj
f:\code\revengine\shaderlabb\shaderlabb\release\shaderlabb.obj
f:\code\revengine\shaderlabb\shaderlabb\release\lightfactory.obj
f:\code\revengine\shaderlabb\shaderlabb\release\labstateapp.obj
f:\code\revengine\shaderlabb\shaderlabb\release\gameroot.obj
f:\code\revengine\shaderlabb\shaderlabb\release\gameobjectfactory.obj
f:\code\revengine\shaderlabb\shaderlabb\release\gameobject.obj
f:\code\revengine\shaderlabb\shaderlabb\release\gamecamera.obj
f:\code\revengine\shaderlabb\shaderlabb\release\app.obj
f:\code\revengine\shaderlabb\exe\shaderlabb.exe
f:\code\revengine\shaderlabb\exe\shaderlabb.pdb
f:\code\revengine\shaderlabb\shaderlabb\release\shaderlabb.res
f:\code\revengine\shaderlabb\exe\shaderlabb.lib
f:\code\revengine\shaderlabb\exe\shaderlabb.exp
f:\code\revengine\shaderlabb\shaderlabb\..\exe\shaderlabb.exe
f:\code\revengine\shaderlabb\shaderlabb\release\shaderlabb.tlog\cl.command.1.tlog
f:\code\revengine\shaderlabb\shaderlabb\release\shaderlabb.tlog\cl.read.1.tlog
f:\code\revengine\shaderlabb\shaderlabb\release\shaderlabb.tlog\cl.write.1.tlog
f:\code\revengine\shaderlabb\shaderlabb\release\shaderlabb.tlog\link.command.1.tlog
f:\code\revengine\shaderlabb\shaderlabb\release\shaderlabb.tlog\link.read.1.tlog
f:\code\revengine\shaderlabb\shaderlabb\release\shaderlabb.tlog\link.write.1.tlog
f:\code\revengine\shaderlabb\shaderlabb\release\shaderlabb.tlog\rc.command.1.tlog
f:\code\revengine\shaderlabb\shaderlabb\release\shaderlabb.tlog\rc.read.1.tlog
f:\code\revengine\shaderlabb\shaderlabb\release\shaderlabb.tlog\rc.write.1.tlog
f:\code\revengine\shaderlabb\shaderlabb\release\shaderlabb.tlog\shaderlabb.write.1u.tlog
